<?xml version="1.0" encoding="UTF-8"?>
<robot generator="Robot 3.2.2 (Python 3.9.1 on win32)" generated="20210226 02:47:19.251" rpa="false">
<suite id="s1" name="testRobot" source="C:\Users\PA\Desktop\Softeb\Ass1\robotframework\testRobot.robot">
<test id="s1-t1" name="Open Youtube">
<kw name="Open Browser" library="SeleniumLibrary">
<doc>Opens a new browser instance to the optional ``url``.</doc>
<arguments>
<arg>${HOMEPAGE}</arg>
<arg>${BROWSER}</arg>
</arguments>
<msg timestamp="20210226 02:47:19.640" level="INFO">Opening browser 'chrome' to base url 'https://www.youtube.com/watch?v=KVX3zVYgAS4'.</msg>
<status status="PASS" starttime="20210226 02:47:19.640" endtime="20210226 02:47:25.147"></status>
</kw>
<status status="PASS" starttime="20210226 02:47:19.639" endtime="20210226 02:47:25.151" critical="yes"></status>
</test>
<status status="PASS" starttime="20210226 02:47:19.251" endtime="20210226 02:47:25.154"></status>
</suite>
<statistics>
<total>
<stat pass="1" fail="0">Critical Tests</stat>
<stat pass="1" fail="0">All Tests</stat>
</total>
<tag>
</tag>
<suite>
<stat pass="1" fail="0" id="s1" name="testRobot">testRobot</stat>
</suite>
</statistics>
<errors>
</errors>
</robot>
